c:\users\martin.allers\documents\github\ta_particleeditor\ta_particleeditor\ta_particleeditor\x64\debug\vc140.pdb
c:\users\martin.allers\documents\github\ta_particleeditor\ta_particleeditor\ta_particleeditor\x64\debug\particlesystem.obj
c:\users\martin.allers\documents\github\ta_particleeditor\ta_particleeditor\ta_particleeditor\x64\debug\particleeditor.obj
c:\users\martin.allers\documents\github\ta_particleeditor\ta_particleeditor\ta_particleeditor\x64\debug\maincontainer.obj
c:\users\martin.allers\documents\github\ta_particleeditor\ta_particleeditor\ta_particleeditor\x64\debug\main.obj
c:\users\martin.allers\documents\github\ta_particleeditor\ta_particleeditor\ta_particleeditor\x64\debug\graphics.obj
c:\users\martin.allers\documents\github\ta_particleeditor\ta_particleeditor\ta_particleeditor\x64\debug\moc_particleeditor.obj
c:\users\martin.allers\documents\github\ta_particleeditor\ta_particleeditor\ta_particleeditor\x64\debug\moc_maincontainer.obj
c:\users\martin.allers\documents\github\ta_particleeditor\ta_particleeditor\ta_particleeditor\x64\debug\moc_graphics.obj
c:\users\martin.allers\documents\github\ta_particleeditor\ta_particleeditor\ta_particleeditor\x64\debug\qrc_particleeditor.obj
c:\users\martin.allers\documents\github\ta_particleeditor\ta_particleeditor\ta_particleeditor\generatedfiles\debug\moc_particleeditor.cpp
c:\users\martin.allers\documents\github\ta_particleeditor\ta_particleeditor\ta_particleeditor\generatedfiles\ui_particleeditor.h
c:\users\martin.allers\documents\github\ta_particleeditor\ta_particleeditor\ta_particleeditor\generatedfiles\debug\moc_maincontainer.cpp
c:\users\martin.allers\documents\github\ta_particleeditor\ta_particleeditor\ta_particleeditor\generatedfiles\debug\moc_graphics.cpp
c:\users\martin.allers\documents\github\ta_particleeditor\ta_particleeditor\ta_particleeditor\generatedfiles\qrc_particleeditor.cpp
c:\users\martin.allers\documents\github\ta_particleeditor\ta_particleeditor\x64\debug\object.cso
c:\users\martin.allers\documents\github\ta_particleeditor\ta_particleeditor\x64\debug\ta_particleeditor.pdb
c:\users\martin.allers\documents\github\ta_particleeditor\ta_particleeditor\ta_particleeditor\x64\debug\ta_parti.b12702ad.tlog\cl.command.1.tlog
c:\users\martin.allers\documents\github\ta_particleeditor\ta_particleeditor\ta_particleeditor\x64\debug\ta_parti.b12702ad.tlog\cl.read.1.tlog
c:\users\martin.allers\documents\github\ta_particleeditor\ta_particleeditor\ta_particleeditor\x64\debug\ta_parti.b12702ad.tlog\cl.write.1.tlog
c:\users\martin.allers\documents\github\ta_particleeditor\ta_particleeditor\ta_particleeditor\x64\debug\ta_parti.b12702ad.tlog\custombuild.command.1.tlog
c:\users\martin.allers\documents\github\ta_particleeditor\ta_particleeditor\ta_particleeditor\x64\debug\ta_parti.b12702ad.tlog\custombuild.read.1.tlog
c:\users\martin.allers\documents\github\ta_particleeditor\ta_particleeditor\ta_particleeditor\x64\debug\ta_parti.b12702ad.tlog\custombuild.write.1.tlog
c:\users\martin.allers\documents\github\ta_particleeditor\ta_particleeditor\ta_particleeditor\x64\debug\ta_parti.b12702ad.tlog\link-cvtres.read.1.tlog
c:\users\martin.allers\documents\github\ta_particleeditor\ta_particleeditor\ta_particleeditor\x64\debug\ta_parti.b12702ad.tlog\link-cvtres.write.1.tlog
c:\users\martin.allers\documents\github\ta_particleeditor\ta_particleeditor\ta_particleeditor\x64\debug\ta_parti.b12702ad.tlog\link-rc.read.1.tlog
c:\users\martin.allers\documents\github\ta_particleeditor\ta_particleeditor\ta_particleeditor\x64\debug\ta_parti.b12702ad.tlog\link-rc.write.1.tlog
c:\users\martin.allers\documents\github\ta_particleeditor\ta_particleeditor\ta_particleeditor\x64\debug\ta_parti.b12702ad.tlog\link.command.1.tlog
c:\users\martin.allers\documents\github\ta_particleeditor\ta_particleeditor\ta_particleeditor\x64\debug\ta_parti.b12702ad.tlog\link.read.1.tlog
c:\users\martin.allers\documents\github\ta_particleeditor\ta_particleeditor\ta_particleeditor\x64\debug\ta_parti.b12702ad.tlog\link.write.1.tlog
c:\users\martin.allers\documents\github\ta_particleeditor\ta_particleeditor\ta_particleeditor\x64\debug\ta_parti.b12702ad.tlog\ta_particleeditor.write.1u.tlog
